shift/reduce char *msjerror[]={ 
 	 " Error (0) esperaba ", 
 	 " Error (1) esperaba ", 
 	 " Error (2) esperaba ", 
 	 " Error (3) esperaba ", 
 	 " Error (4) esperaba default ", 
 	 " Error (5) esperaba IDENT ", 
 	 " Error (6) esperaba FIN_DE_PROGRAMA ", 
 	 " Error (7) esperaba BEG ", 
 	 " Error (8) esperaba ", 
 	 " Error (9) esperaba default ", 
 	 " Error (10) esperaba default ", 
 	 " Error (11) esperaba VAR default ", 
 	 " Error (12) esperaba ", 
 	 " Error (13) esperaba default ", 
 	 " Error (14) esperaba ENDVAR ", 
 	 " Error (15) esperaba ", 
 	 " Error (16) esperaba default ", 
 	 " Error (17) esperaba ", 
 	 " Error (18) esperaba default ", 
 	 " Error (19) esperaba ", 
 	 " Error (20) esperaba ENDVAR ", 
 	 " Error (21) esperaba ", 
 	 " Error (22) esperaba FUNCTION default ", 
 	 " Error (23) esperaba ", 
 	 " Error (24) esperaba ", 
 	 " Error (25) esperaba ", 
 	 " Error (26) esperaba default ", 
 	 " Error (27) esperaba default ", 
 	 " Error (28) esperaba ", 
 	 " Error (29) esperaba DOSPU ", 
 	 " Error (30) esperaba IDENT ", 
 	 " Error (31) esperaba default ", 
 	 " Error (32) esperaba BEG ", 
 	 " Error (33) esperaba ", 
 	 " Error (34) esperaba ", 
 	 " Error (35) esperaba ", 
 	 " Error (36) esperaba ", 
 	 " Error (37) esperaba ", 
 	 " Error (38) esperaba ", 
 	 " Error (39) esperaba ", 
 	 " Error (40) esperaba ", 
 	 " Error (41) esperaba ", 
 	 " Error (42) esperaba ", 
 	 " Error (43) esperaba RETURN ", 
 	 " Error (44) esperaba ", 
 	 " Error (45) esperaba ", 
 	 " Error (46) esperaba ", 
 	 " Error (47) esperaba ", 
 	 " Error (48) esperaba ", 
 	 " Error (49) esperaba ", 
 	 " Error (50) esperaba ", 
 	 " Error (51) esperaba ", 
 	 " Error (52) esperaba ", 
 	 " Error (53) esperaba ", 
 	 " Error (54) esperaba ", 
 	 " Error (55) esperaba ", 
 	 " Error (56) esperaba ", 
 	 " Error (57) esperaba ", 
 	 " Error (58) esperaba ", 
 	 " Error (59) esperaba IDENT ", 
 	 " Error (60) esperaba TIPOBASICO ", 
 	 " Error (61) esperaba ", 
 	 " Error (62) esperaba ", 
 	 " Error (63) esperaba ", 
 	 " Error (64) esperaba PARI ", 
 	 " Error (65) esperaba default ", 
 	 " Error (66) esperaba default ", 
 	 " Error (67) esperaba ", 
 	 " Error (68) esperaba RETAV ", 
 	 " Error (69) esperaba ", 
 	 " Error (70) esperaba MASMENOS ", 
 	 " Error (71) esperaba ", 
 	 " Error (72) esperaba ", 
 	 " Error (73) esperaba ", 
 	 " Error (74) esperaba ", 
 	 " Error (75) esperaba ", 
 	 " Error (76) esperaba ", 
 	 " Error (77) esperaba ", 
 	 " Error (78) esperaba ", 
 	 " Error (79) esperaba ", 
 	 " Error (80) esperaba ", 
 	 " Error (81) esperaba ", 
 	 " Error (82) esperaba IDENT ", 
 	 " Error (83) esperaba ", 
 	 " Error (84) esperaba ", 
 	 " Error (85) esperaba MASMENOS ", 
 	 " Error (86) esperaba ", 
 	 " Error (87) esperaba ", 
 	 " Error (88) esperaba ", 
 	 " Error (89) esperaba ", 
 	 " Error (90) esperaba ", 
 	 " Error (91) esperaba ", 
 	 " Error (92) esperaba ", 
 	 " Error (93) esperaba ", 
 	 " Error (94) esperaba ", 
 	 " Error (95) esperaba MASMENOS ", 
 	 " Error (96) esperaba ", 
 	 " Error (97) esperaba ", 
 	 " Error (98) esperaba ", 
 	 " Error (99) esperaba ", 
 	 " Error (100) esperaba ", 
 	 " Error (101) esperaba ", 
 	 " Error (102) esperaba ", 
 	 " Error (103) esperaba ", 
 	 " Error (104) esperaba IDENT ", 
 	 " Error (105) esperaba ", 
 	 " Error (106) esperaba default ", 
 	 " Error (107) esperaba ", 
 	 " Error (108) esperaba MASMENOS ", 
 	 " Error (109) esperaba ", 
 	 " Error (110) esperaba ", 
 	 " Error (111) esperaba ", 
 	 " Error (112) esperaba ", 
 	 " Error (113) esperaba ", 
 	 " Error (114) esperaba ", 
 	 " Error (115) esperaba ", 
 	 " Error (116) esperaba ", 
 	 " Error (117) esperaba IDENT ", 
 	 " Error (118) esperaba default ", 
 	 " Error (119) esperaba default ", 
 	 " Error (120) esperaba default ", 
 	 " Error (121) esperaba default ", 
 	 " Error (122) esperaba default ", 
 	 " Error (123) esperaba default ", 
 	 " Error (124) esperaba default ", 
 	 " Error (125) esperaba PYC ", 
 	 " Error (126) esperaba default ", 
 	 " Error (127) esperaba default ", 
 	 " Error (128) esperaba default ", 
 	 " Error (129) esperaba default ", 
 	 " Error (130) esperaba default ", 
 	 " Error (131) esperaba default ", 
 	 " Error (132) esperaba default ", 
 	 " Error (133) esperaba default ", 
 	 " Error (134) esperaba TIPOBASICO ", 
 	 " Error (135) esperaba PYC ", 
 	 " Error (136) esperaba default ", 
 	 " Error (137) esperaba IDENT ", 
 	 " Error (138) esperaba ", 
 	 " Error (139) esperaba ", 
 	 " Error (140) esperaba MASMENOS ", 
 	 " Error (141) esperaba ", 
 	 " Error (142) esperaba ", 
 	 " Error (143) esperaba ", 
 	 " Error (144) esperaba ", 
 	 " Error (145) esperaba ", 
 	 " Error (146) esperaba ", 
 	 " Error (147) esperaba ", 
 	 " Error (148) esperaba ", 
 	 " Error (149) esperaba default ", 
 	 " Error (150) esperaba default ", 
 	 " Error (151) esperaba ", 
 	 " Error (152) esperaba MASMENOS ", 
 	 " Error (153) esperaba ", 
 	 " Error (154) esperaba ", 
 	 " Error (155) esperaba ", 
 	 " Error (156) esperaba ", 
 	 " Error (157) esperaba ", 
 	 " Error (158) esperaba ", 
 	 " Error (159) esperaba ", 
 	 " Error (160) esperaba ", 
 	 " Error (161) esperaba ", 
 	 " Error (162) esperaba MASMENOS ", 
 	 " Error (163) esperaba ", 
 	 " Error (164) esperaba ", 
 	 " Error (165) esperaba ", 
 	 " Error (166) esperaba ", 
 	 " Error (167) esperaba ", 
 	 " Error (168) esperaba ", 
 	 " Error (169) esperaba ", 
 	 " Error (170) esperaba ", 
 	 " Error (171) esperaba default ", 
 	 " Error (172) esperaba PARI default ", 
 	 " Error (173) esperaba default ", 
 	 " Error (174) esperaba ", 
 	 " Error (175) esperaba MASMENOS ", 
 	 " Error (176) esperaba ", 
 	 " Error (177) esperaba ", 
 	 " Error (178) esperaba ", 
 	 " Error (179) esperaba ", 
 	 " Error (180) esperaba ", 
 	 " Error (181) esperaba ", 
 	 " Error (182) esperaba ", 
 	 " Error (183) esperaba ", 
 	 " Error (184) esperaba CONST ", 
 	 " Error (185) esperaba ", 
 	 " Error (186) esperaba ", 
 	 " Error (187) esperaba ", 
 	 " Error (188) esperaba ", 
 	 " Error (189) esperaba ", 
 	 " Error (190) esperaba ", 
 	 " Error (191) esperaba ", 
 	 " Error (192) esperaba OPIGUALDAD OPRELACION ", 
 	 " Error (193) esperaba default ", 
 	 " Error (194) esperaba COMA default ", 
 	 " Error (195) esperaba default ", 
 	 " Error (196) esperaba default ", 
 	 " Error (197) esperaba default ", 
 	 " Error (198) esperaba default ", 
 	 " Error (199) esperaba COMA default ", 
 	 " Error (200) esperaba ", 
 	 " Error (201) esperaba ", 
 	 " Error (202) esperaba ", 
 	 " Error (203) esperaba ", 
 	 " Error (204) esperaba ", 
 	 " Error (205) esperaba ", 
 	 " Error (206) esperaba ", 
 	 " Error (207) esperaba OPIGUALDAD OPRELACION ", 
 	 " Error (208) esperaba ", 
 	 " Error (209) esperaba ", 
 	 " Error (210) esperaba ", 
 	 " Error (211) esperaba ", 
 	 " Error (212) esperaba ", 
 	 " Error (213) esperaba ", 
 	 " Error (214) esperaba ", 
 	 " Error (215) esperaba ", 
 	 " Error (216) esperaba OPIGUALDAD OPRELACION ", 
 	 " Error (217) esperaba ", 
 	 " Error (218) esperaba ASIG ", 
 	 " Error (219) esperaba TO ", 
 	 " Error (220) esperaba ", 
 	 " Error (221) esperaba ", 
 	 " Error (222) esperaba ", 
 	 " Error (223) esperaba ", 
 	 " Error (224) esperaba ", 
 	 " Error (225) esperaba ", 
 	 " Error (226) esperaba OPIGUALDAD OPRELACION ", 
 	 " Error (227) esperaba default ", 
 	 " Error (228) esperaba default ", 
 	 " Error (229) esperaba default ", 
 	 " Error (230) esperaba default ", 
 	 " Error (231) esperaba default ", 
 	 " Error (232) esperaba IDENT ", 
 	 " Error (233) esperaba ", 
 	 " Error (234) esperaba ", 
 	 " Error (235) esperaba ", 
 	 " Error (236) esperaba ", 
 	 " Error (237) esperaba ", 
 	 " Error (238) esperaba ", 
 	 " Error (239) esperaba ", 
 	 " Error (240) esperaba ", 
 	 " Error (241) esperaba OPIGUALDAD OPRELACION ", 
 	 " Error (242) esperaba default ", 
 	 " Error (243) esperaba default ", 
 	 " Error (244) esperaba default ", 
 	 " Error (245) esperaba ", 
 	 " Error (246) esperaba MASMENOS ", 
 	 " Error (247) esperaba ", 
 	 " Error (248) esperaba ", 
 	 " Error (249) esperaba ", 
 	 " Error (250) esperaba ", 
 	 " Error (251) esperaba ", 
 	 " Error (252) esperaba ", 
 	 " Error (253) esperaba ", 
 	 " Error (254) esperaba ", 
 	 " Error (255) esperaba ", 
 	 " Error (256) esperaba ", 
 	 " Error (257) esperaba ", 
 	 " Error (258) esperaba ", 
 	 " Error (259) esperaba ", 
 	 " Error (260) esperaba ", 
 	 " Error (261) esperaba ", 
 	 " Error (262) esperaba ", 
 	 " Error (263) esperaba OPIGUALDAD OPRELACION ", 
 	 " Error (264) esperaba ", 
 	 " Error (265) esperaba default ", 
 	 " Error (266) esperaba COMA CORD ", 
 	 " Error (267) esperaba ", 
 	 " Error (268) esperaba MASMENOS ", 
 	 " Error (269) esperaba ", 
 	 " Error (270) esperaba ", 
 	 " Error (271) esperaba ", 
 	 " Error (272) esperaba ", 
 	 " Error (273) esperaba ", 
 	 " Error (274) esperaba ", 
 	 " Error (275) esperaba ", 
 	 " Error (276) esperaba ", 
 	 " Error (277) esperaba ", 
 	 " Error (278) esperaba MASMENOS ", 
 	 " Error (279) esperaba ", 
 	 " Error (280) esperaba ", 
 	 " Error (281) esperaba ", 
 	 " Error (282) esperaba ", 
 	 " Error (283) esperaba ", 
 	 " Error (284) esperaba ", 
 	 " Error (285) esperaba ", 
 	 " Error (286) esperaba ", 
 	 " Error (287) esperaba ", 
 	 " Error (288) esperaba MASMENOS ", 
 	 " Error (289) esperaba ", 
 	 " Error (290) esperaba ", 
 	 " Error (291) esperaba ", 
 	 " Error (292) esperaba ", 
 	 " Error (293) esperaba ", 
 	 " Error (294) esperaba ", 
 	 " Error (295) esperaba ", 
 	 " Error (296) esperaba ", 
 	 " Error (297) esperaba ", 
 	 " Error (298) esperaba MASMENOS ", 
 	 " Error (299) esperaba ", 
 	 " Error (300) esperaba ", 
 	 " Error (301) esperaba ", 
 	 " Error (302) esperaba ", 
 	 " Error (303) esperaba ", 
 	 " Error (304) esperaba ", 
 	 " Error (305) esperaba ", 
 	 " Error (306) esperaba ", 
 	 " Error (307) esperaba ", 
 	 " Error (308) esperaba MASMENOS ", 
 	 " Error (309) esperaba ", 
 	 " Error (310) esperaba ", 
 	 " Error (311) esperaba ", 
 	 " Error (312) esperaba ", 
 	 " Error (313) esperaba ", 
 	 " Error (314) esperaba ", 
 	 " Error (315) esperaba ", 
 	 " Error (316) esperaba ", 
 	 " Error (317) esperaba ", 
 	 " Error (318) esperaba MASMENOS ", 
 	 " Error (319) esperaba ", 
 	 " Error (320) esperaba ", 
 	 " Error (321) esperaba ", 
 	 " Error (322) esperaba ", 
 	 " Error (323) esperaba ", 
 	 " Error (324) esperaba ", 
 	 " Error (325) esperaba ", 
 	 " Error (326) esperaba ", 
 	 " Error (327) esperaba ", 
 	 " Error (328) esperaba MASMENOS ", 
 	 " Error (329) esperaba ", 
 	 " Error (330) esperaba ", 
 	 " Error (331) esperaba ", 
 	 " Error (332) esperaba ", 
 	 " Error (333) esperaba ", 
 	 " Error (334) esperaba ", 
 	 " Error (335) esperaba ", 
 	 " Error (336) esperaba ", 
 	 " Error (337) esperaba ", 
 	 " Error (338) esperaba MASMENOS ", 
 	 " Error (339) esperaba ", 
 	 " Error (340) esperaba ", 
 	 " Error (341) esperaba ", 
 	 " Error (342) esperaba ", 
 	 " Error (343) esperaba ", 
 	 " Error (344) esperaba ", 
 	 " Error (345) esperaba ", 
 	 " Error (346) esperaba ", 
 	 " Error (347) esperaba ", 
 	 " Error (348) esperaba MASMENOS ", 
 	 " Error (349) esperaba ", 
 	 " Error (350) esperaba ", 
 	 " Error (351) esperaba ", 
 	 " Error (352) esperaba ", 
 	 " Error (353) esperaba ", 
 	 " Error (354) esperaba ", 
 	 " Error (355) esperaba ", 
 	 " Error (356) esperaba ", 
 	 " Error (357) esperaba ", 
 	 " Error (358) esperaba MASMENOS ", 
 	 " Error (359) esperaba ", 
 	 " Error (360) esperaba ", 
 	 " Error (361) esperaba ", 
 	 " Error (362) esperaba ", 
 	 " Error (363) esperaba ", 
 	 " Error (364) esperaba ", 
 	 " Error (365) esperaba ", 
 	 " Error (366) esperaba ", 
 	 " Error (367) esperaba ", 
 	 " Error (368) esperaba ", 
 	 " Error (369) esperaba IDENT ", 
 	 " Error (370) esperaba ", 
 	 " Error (371) esperaba ", 
 	 " Error (372) esperaba ", 
 	 " Error (373) esperaba ", 
 	 " Error (374) esperaba ", 
 	 " Error (375) esperaba ", 
 	 " Error (376) esperaba ", 
 	 " Error (377) esperaba ", 
 	 " Error (378) esperaba RETURN ", 
 	 " Error (379) esperaba ", 
 	 " Error (380) esperaba ", 
 	 " Error (381) esperaba ", 
 	 " Error (382) esperaba ", 
 	 " Error (383) esperaba ", 
 	 " Error (384) esperaba ", 
 	 " Error (385) esperaba ", 
 	 " Error (386) esperaba ", 
 	 " Error (387) esperaba ", 
 	 " Error (388) esperaba ", 
 	 " Error (389) esperaba ", 
 	 " Error (390) esperaba ", 
 	 " Error (391) esperaba ", 
 	 " Error (392) esperaba ", 
 	 " Error (393) esperaba ", 
 	 " Error (394) esperaba ", 
 	 " Error (395) esperaba ", 
 	 " Error (396) esperaba ", 
 	 " Error (397) esperaba ", 
 	 " Error (398) esperaba ", 
 	 " Error (399) esperaba ", 
 	 " Error (400) esperaba ", 
 	 " Error (401) esperaba ", 
 	 " Error (402) esperaba RETURN ", 
 	 " Error (403) esperaba ", 
 	 " Error (404) esperaba ", 
 	 " Error (405) esperaba ", 
 	 " Error (406) esperaba ", 
 	 " Error (407) esperaba ", 
 	 " Error (408) esperaba ", 
 	 " Error (409) esperaba ", 
 	 " Error (410) esperaba ", 
 	 " Error (411) esperaba ", 
 	 " Error (412) esperaba ", 
 	 " Error (413) esperaba ", 
 	 " Error (414) esperaba ", 
 	 " Error (415) esperaba ", 
 	 " Error (416) esperaba ", 
 	 " Error (417) esperaba ", 
 	 " Error (418) esperaba ", 
 	 " Error (419) esperaba MASMENOS ", 
 	 " Error (420) esperaba ", 
 	 " Error (421) esperaba ", 
 	 " Error (422) esperaba ", 
 	 " Error (423) esperaba ", 
 	 " Error (424) esperaba ", 
 	 " Error (425) esperaba ", 
 	 " Error (426) esperaba ", 
 	 " Error (427) esperaba ", 
 	 " Error (428) esperaba DOSPU ", 
 	 " Error (429) esperaba ", 
 	 " Error (430) esperaba ", 
 	 " Error (431) esperaba ", 
 	 " Error (432) esperaba ", 
 	 " Error (433) esperaba ", 
 	 " Error (434) esperaba ", 
 	 " Error (435) esperaba OPIGUALDAD OPRELACION ", 
 	 " Error (436) esperaba default ", 
 	 " Error (437) esperaba PARD COMA ", 
 	 " Error (438) esperaba default ", 
 	 " Error (439) esperaba CONST ", 
 	 " Error (440) esperaba default ", 
 	 " Error (441) esperaba ", 
 	 " Error (442) esperaba MULDIV default ", 
 	 " Error (443) esperaba ", 
 	 " Error (444) esperaba ", 
 	 " Error (445) esperaba ", 
 	 " Error (446) esperaba ", 
 	 " Error (447) esperaba ", 
 	 " Error (448) esperaba ", 
 	 " Error (449) esperaba OPIGUALDAD OPRELACION ", 
 	 " Error (450) esperaba ", 
 	 " Error (451) esperaba ", 
 	 " Error (452) esperaba ", 
 	 " Error (453) esperaba ", 
 	 " Error (454) esperaba ", 
 	 " Error (455) esperaba ", 
 	 " Error (456) esperaba ", 
 	 " Error (457) esperaba OPIGUALDAD OPRELACION ", 
 	 " Error (458) esperaba default ", 
 	 " Error (459) esperaba ", 
 	 " Error (460) esperaba ", 
 	 " Error (461) esperaba ", 
 	 " Error (462) esperaba ", 
 	 " Error (463) esperaba OPIGUALDAD OPRELACION ", 
 	 " Error (464) esperaba default ", 
 	 " Error (465) esperaba ", 
 	 " Error (466) esperaba ", 
 	 " Error (467) esperaba ", 
 	 " Error (468) esperaba OPIGUALDAD OPRELACION ", 
 	 " Error (469) esperaba default ", 
 	 " Error (470) esperaba ", 
 	 " Error (471) esperaba default ", 
 	 " Error (472) esperaba ", 
 	 " Error (473) esperaba ", 
 	 " Error (474) esperaba ", 
 	 " Error (475) esperaba OPRELACION ", 
 	 " Error (476) esperaba default ", 
 	 " Error (477) esperaba MASMENOS ", 
 	 " Error (478) esperaba ", 
 	 " Error (479) esperaba ", 
 	 " Error (480) esperaba default ", 
 	 " Error (481) esperaba MASMENOS ", 
 	 " Error (482) esperaba ", 
 	 " Error (483) esperaba ", 
 	 " Error (484) esperaba default ", 
 	 " Error (485) esperaba default ", 
 	 " Error (486) esperaba default ", 
 	 " Error (487) esperaba ELSE default ", 
 	 " Error (488) esperaba default ", 
 	 " Error (489) esperaba ", 
 	 " Error (490) esperaba ", 
 	 " Error (491) esperaba ", 
 	 " Error (492) esperaba ", 
 	 " Error (493) esperaba ", 
 	 " Error (494) esperaba ", 
 	 " Error (495) esperaba ", 
 	 " Error (496) esperaba OPIGUALDAD OPRELACION ", 
 	 " Error (497) esperaba ", 
 	 " Error (498) esperaba TIPOBASICO ", 
 	 " Error (499) esperaba ", 
 	 " Error (500) esperaba ", 
 	 " Error (501) esperaba ", 
 	 " Error (502) esperaba default ", 
 	 " Error (503) esperaba ", 
 	 " Error (504) esperaba MASMENOS ", 
 	 " Error (505) esperaba ", 
 	 " Error (506) esperaba ", 
 	 " Error (507) esperaba ", 
 	 " Error (508) esperaba ", 
 	 " Error (509) esperaba ", 
 	 " Error (510) esperaba ", 
 	 " Error (511) esperaba ", 
 	 " Error (512) esperaba ", 
 	 " Error (513) esperaba default ", 
 	 " Error (514) esperaba ", 
 	 " Error (515) esperaba MASMENOS ", 
 	 " Error (516) esperaba ", 
 	 " Error (517) esperaba ", 
 	 " Error (518) esperaba ", 
 	 " Error (519) esperaba ", 
 	 " Error (520) esperaba ", 
 	 " Error (521) esperaba ", 
 	 " Error (522) esperaba ", 
 	 " Error (523) esperaba ", 
 	 " Error (524) esperaba ", 
 	 " Error (525) esperaba ", 
 	 " Error (526) esperaba ", 
 	 " Error (527) esperaba ", 
 	 " Error (528) esperaba ", 
 	 " Error (529) esperaba ", 
 	 " Error (530) esperaba ", 
 	 " Error (531) esperaba ", 
 	 " Error (532) esperaba RETURN ", 
 	 " Error (533) esperaba ", 
 	 " Error (534) esperaba ", 
 	 " Error (535) esperaba ", 
 	 " Error (536) esperaba ", 
 	 " Error (537) esperaba ", 
 	 " Error (538) esperaba ", 
 	 " Error (539) esperaba ", 
 	 " Error (540) esperaba ", 
 	 " Error (541) esperaba ", 
 	 " Error (542) esperaba ", 
 	 " Error (543) esperaba ", 
 	 " Error (544) esperaba ", 
 	 " Error (545) esperaba ", 
 	 " Error (546) esperaba ", 
 	 " Error (547) esperaba ", 
 	 " Error (548) esperaba ", 
 	 " Error (549) esperaba ", 
 	 " Error (550) esperaba ", 
 	 " Error (551) esperaba ", 
 	 " Error (552) esperaba ", 
 	 " Error (553) esperaba ", 
 	 " Error (554) esperaba ", 
 	 " Error (555) esperaba ", 
 	 " Error (556) esperaba RETURN ", 
 	 " Error (557) esperaba ", 
 	 " Error (558) esperaba ", 
 	 " Error (559) esperaba ", 
 	 " Error (560) esperaba ", 
 	 " Error (561) esperaba ", 
 	 " Error (562) esperaba ", 
 	 " Error (563) esperaba ", 
 	 " Error (564) esperaba ", 
 	 " Error (565) esperaba ", 
 	 " Error (566) esperaba ", 
 	 " Error (567) esperaba ", 
 	 " Error (568) esperaba ", 
 	 " Error (569) esperaba ", 
 	 " Error (570) esperaba ", 
 	 " Error (571) esperaba ", 
 	 " Error (572) esperaba PYC ", 
 	 " Error (573) esperaba ", 
 	 " Error (574) esperaba ", 
 	 " Error (575) esperaba ", 
 	 " Error (576) esperaba ", 
 	 " Error (577) esperaba ", 
 	 " Error (578) esperaba ", 
 	 " Error (579) esperaba OPIGUALDAD OPRELACION ", 
 	 " Error (580) esperaba default ", 
 	 " Error (581) esperaba ", 
 	 " Error (582) esperaba ", 
 	 " Error (583) esperaba ", 
 	 " Error (584) esperaba ", 
 	 " Error (585) esperaba ", 
 	 " Error (586) esperaba ", 
 	 " Error (587) esperaba OPIGUALDAD OPRELACION ", 
 	 " Error (588) esperaba default ", 
 	 " Error (589) esperaba default ", 
 	 " Error (590) esperaba default ", 
 	 " Error (591) esperaba default " };
